#
# A fatal error has been detected by the Java Runtime Environment:
#
#  Internal Error (javaClasses.cpp:136), pid=4720, tid=2644
#  fatal error: Invalid layout of preloaded class
#
# JRE version:  (7.0_71-b14) (build )
# Java VM: Java HotSpot(TM) Client VM (24.71-b01 mixed mode windows-x86 )
# Failed to write core dump. Minidumps are not enabled by default on client versions of Windows
#
# If you would like to submit a bug report, please visit:
#   http://bugreport.sun.com/bugreport/crash.jsp
#

---------------  T H R E A D  ---------------

Current thread (0x0038c400):  JavaThread "Unknown thread" [_thread_in_vm, id=2644, stack(0x016e0000,0x01730000)]

Stack: [0x016e0000,0x01730000],  sp=0x0172f8c8,  free space=318k
Native frames: (J=compiled Java code, j=interpreted, Vv=VM code, C=native code)
V  [jvm.dll+0x1911e4]
V  [jvm.dll+0x18ae66]
V  [jvm.dll+0x35f00]
V  [jvm.dll+0x35f86]
V  [jvm.dll+0x447ed]
V  [jvm.dll+0x44a9e]
V  [jvm.dll+0x9395a]
V  [jvm.dll+0x93d0b]
V  [jvm.dll+0x140831]
V  [jvm.dll+0x16341c]
V  [jvm.dll+0xca7bf]
C  [javaw.exe+0x13ce]
C  [javaw.exe+0x1e40]
C  [javaw.exe+0xa601]
C  [javaw.exe+0xa68b]
C  [kernel32.dll+0x4ee1c]
C  [ntdll.dll+0x637eb]
C  [ntdll.dll+0x637be]


---------------  P R O C E S S  ---------------

Java Threads: ( => current thread )

Other Threads:

=>0x0038c400 (exited) JavaThread "Unknown thread" [_thread_in_vm, id=2644, stack(0x016e0000,0x01730000)]

VM state:not at safepoint (not fully initialized)

VM Mutex/Monitor currently owned by a thread: None

GC Heap History (0 events):
No events

Deoptimization events (0 events):
No events

Internal exceptions (0 events):
No events

Events (10 events):
Event: 0.070 loading class 0x0116c0c0 done
Event: 0.070 loading class 0x0116bb50 done
Event: 0.070 loading class 0x0116bb30
Event: 0.070 loading class 0x01172ea0
Event: 0.070 loading class 0x01172ea0 done
Event: 0.070 loading class 0x01172ed0
Event: 0.070 loading class 0x01172ed0 done
Event: 0.070 loading class 0x01172f00
Event: 0.070 loading class 0x01172f00 done
Event: 0.070 loading class 0x0116bb30 done


Dynamic libraries:
0x01360000 - 0x0138f000 	C:\Program Files\Java\jre7\bin\javaw.exe
0x77840000 - 0x7797c000 	C:\Windows\SYSTEM32\ntdll.dll
0x77760000 - 0x77834000 	C:\Windows\system32\kernel32.dll
0x75a60000 - 0x75aab000 	C:\Windows\system32\KERNELBASE.dll
0x77050000 - 0x770f0000 	C:\Windows\system32\ADVAPI32.dll
0x75d80000 - 0x75e2c000 	C:\Windows\system32\msvcrt.dll
0x77980000 - 0x77999000 	C:\Windows\SYSTEM32\sechost.dll
0x771a0000 - 0x77242000 	C:\Windows\system32\RPCRT4.dll
0x76eb0000 - 0x76f79000 	C:\Windows\system32\USER32.dll
0x770f0000 - 0x7713e000 	C:\Windows\system32\GDI32.dll
0x75e30000 - 0x75e3a000 	C:\Windows\system32\LPK.dll
0x77570000 - 0x7760d000 	C:\Windows\system32\USP10.dll
0x74490000 - 0x7462e000 	C:\Windows\WinSxS\x86_microsoft.windows.common-controls_6595b64144ccf1df_6.0.7601.17514_none_41e6975e2bd6f2b2\COMCTL32.dll
0x76cb0000 - 0x76d07000 	C:\Windows\system32\SHLWAPI.dll
0x779c0000 - 0x779df000 	C:\Windows\system32\IMM32.DLL
0x77690000 - 0x7775c000 	C:\Windows\system32\MSCTF.dll
0x61390000 - 0x6144f000 	C:\Program Files\Java\jre7\bin\msvcr100.dll
0x670c0000 - 0x67449000 	C:\Program Files\Java\jre7\bin\client\jvm.dll
0x711d0000 - 0x711d7000 	C:\Windows\system32\WSOCK32.dll
0x76e70000 - 0x76ea5000 	C:\Windows\system32\WS2_32.dll
0x77040000 - 0x77046000 	C:\Windows\system32\NSI.dll
0x740c0000 - 0x740f2000 	C:\Windows\system32\WINMM.dll
0x779b0000 - 0x779b5000 	C:\Windows\system32\PSAPI.DLL
0x73b40000 - 0x73b4c000 	C:\Program Files\Java\jre7\bin\verify.dll
0x68b20000 - 0x68b40000 	C:\Program Files\Java\jre7\bin\java.dll
0x68a60000 - 0x68a73000 	C:\Program Files\Java\jre7\bin\zip.dll
0x71200000 - 0x712eb000 	C:\Windows\system32\dbghelp.dll

VM Arguments:
jvm_args: -Dfile.encoding=Cp1252 -Xbootclasspath:D:\Android Java\android-sdk\platforms\android-18\android.jar 
java_command: org.kobjects.xmlrpc.Driver
Launcher Type: SUN_STANDARD

Environment Variables:
JAVA_HOME=C:\Program Files\Java\jdk1.7.0_10
CLASSPATH=C:\Program files\Java\jdk1.7.0_10; C:\Program Files\Java\jdk1.7.0_10\bin;
PATH=C:/Program Files/Java/jre7/bin/client;C:/Program Files/Java/jre7/bin;C:/Program Files/Java/jre7/lib/i386;C:\Windows\system32;C:\Windows;C:\Windows\System32\Wbem;C:\Windows\System32\WindowsPowerShell\v1.0\;C:\PROGRA~1\IBM\CLIENT~1;C:\PROGRA~1\IBM\CLIENT~1\Shared;C:\PROGRA~1\IBM\CLIENT~1\Emulator;;C:\Program files\Java\jdk1.7.0_10\bin;C:\Program Files\Microsoft SQL Server\90\Tools\binn\;C:\Program Files\Microsoft\Web Platform Installer\;C:\Program Files\Microsoft ASP.NET\ASP.NET Web Pages\v1.0\;C:\Program Files\Windows Kits\8.0\Windows Performance Toolkit\;C:\Program Files\Microsoft SQL Server\110\Tools\Binn\;D:\Android Java\eclipse;
USERNAME=stok
OS=Windows_NT
PROCESSOR_IDENTIFIER=x86 Family 6 Model 58 Stepping 9, GenuineIntel



---------------  S Y S T E M  ---------------

OS: Windows 7 Build 7601 Service Pack 1

CPU:total 2 (2 cores per cpu, 1 threads per core) family 6 model 58 stepping 9, cmov, cx8, fxsr, mmx, sse, sse2, sse3, ssse3, sse4.1, sse4.2, popcnt, erms, tsc, tscinvbit, tscinv

Memory: 4k page, physical 3503588k(1312372k free), swap 7005424k(4575520k free)

vm_info: Java HotSpot(TM) Client VM (24.71-b01) for windows-x86 JRE (1.7.0_71-b14), built on Sep 26 2014 16:30:49 by "java_re" with unknown MS VC++:1600

time: Mon Nov 10 09:42:37 2014
elapsed time: 0 seconds

