#
# A fatal error has been detected by the Java Runtime Environment:
#
#  Internal Error (javaClasses.cpp:136), pid=4692, tid=5984
#  fatal error: Invalid layout of preloaded class
#
# JRE version:  (7.0_71-b14) (build )
# Java VM: Java HotSpot(TM) Client VM (24.71-b01 mixed mode windows-x86 )
# Failed to write core dump. Minidumps are not enabled by default on client versions of Windows
#
# If you would like to submit a bug report, please visit:
#   http://bugreport.sun.com/bugreport/crash.jsp
#

---------------  T H R E A D  ---------------

Current thread (0x012ec800):  JavaThread "Unknown thread" [_thread_in_vm, id=5984, stack(0x01410000,0x01460000)]

Stack: [0x01410000,0x01460000],  sp=0x0145f59c,  free space=317k
Native frames: (J=compiled Java code, j=interpreted, Vv=VM code, C=native code)
V  [jvm.dll+0x1911e4]
V  [jvm.dll+0x18ae66]
V  [jvm.dll+0x35f00]
V  [jvm.dll+0x35f86]
V  [jvm.dll+0x447ed]
V  [jvm.dll+0x44a9e]
V  [jvm.dll+0x9395a]
V  [jvm.dll+0x93d0b]
V  [jvm.dll+0x140831]
V  [jvm.dll+0x16341c]
V  [jvm.dll+0xca7bf]
C  [javaw.exe+0x13ce]
C  [javaw.exe+0x1e40]
C  [javaw.exe+0xa601]
C  [javaw.exe+0xa68b]
C  [kernel32.dll+0x4ee1c]
C  [ntdll.dll+0x637eb]
C  [ntdll.dll+0x637be]


---------------  P R O C E S S  ---------------

Java Threads: ( => current thread )

Other Threads:

=>0x012ec800 (exited) JavaThread "Unknown thread" [_thread_in_vm, id=5984, stack(0x01410000,0x01460000)]

VM state:not at safepoint (not fully initialized)

VM Mutex/Monitor currently owned by a thread: None

GC Heap History (0 events):
No events

Deoptimization events (0 events):
No events

Internal exceptions (0 events):
No events

Events (10 events):
Event: 0.009 loading class 0x0131c2a8 done
Event: 0.009 loading class 0x0131bd38 done
Event: 0.009 loading class 0x0131bd18
Event: 0.009 loading class 0x01323088
Event: 0.009 loading class 0x01323088 done
Event: 0.009 loading class 0x013230b8
Event: 0.009 loading class 0x013230b8 done
Event: 0.009 loading class 0x013230e8
Event: 0.009 loading class 0x013230e8 done
Event: 0.009 loading class 0x0131bd18 done


Dynamic libraries:
0x00240000 - 0x0026f000 	C:\Program Files\Java\jre7\bin\javaw.exe
0x777b0000 - 0x778ec000 	C:\Windows\SYSTEM32\ntdll.dll
0x76300000 - 0x763d4000 	C:\Windows\system32\kernel32.dll
0x757c0000 - 0x7580b000 	C:\Windows\system32\KERNELBASE.dll
0x764a0000 - 0x76540000 	C:\Windows\system32\ADVAPI32.dll
0x77930000 - 0x779dc000 	C:\Windows\system32\msvcrt.dll
0x75bf0000 - 0x75c09000 	C:\Windows\SYSTEM32\sechost.dll
0x76770000 - 0x76812000 	C:\Windows\system32\RPCRT4.dll
0x75f20000 - 0x75fe9000 	C:\Windows\system32\USER32.dll
0x77760000 - 0x777ae000 	C:\Windows\system32\GDI32.dll
0x77920000 - 0x7792a000 	C:\Windows\system32\LPK.dll
0x76080000 - 0x7611d000 	C:\Windows\system32\USP10.dll
0x74670000 - 0x7480e000 	C:\Windows\WinSxS\x86_microsoft.windows.common-controls_6595b64144ccf1df_6.0.7601.17514_none_41e6975e2bd6f2b2\COMCTL32.dll
0x75b90000 - 0x75be7000 	C:\Windows\system32\SHLWAPI.dll
0x75f00000 - 0x75f1f000 	C:\Windows\system32\IMM32.DLL
0x76540000 - 0x7660c000 	C:\Windows\system32\MSCTF.dll
0x65960000 - 0x65a1f000 	C:\Program Files\Java\jre7\bin\msvcr100.dll
0x5c890000 - 0x5cc19000 	C:\Program Files\Java\jre7\bin\client\jvm.dll
0x6ff50000 - 0x6ff57000 	C:\Windows\system32\WSOCK32.dll
0x763e0000 - 0x76415000 	C:\Windows\system32\WS2_32.dll
0x75b20000 - 0x75b26000 	C:\Windows\system32\NSI.dll
0x73b80000 - 0x73bb2000 	C:\Windows\system32\WINMM.dll
0x75c20000 - 0x75c25000 	C:\Windows\system32\PSAPI.DLL
0x73870000 - 0x7387c000 	C:\Program Files\Java\jre7\bin\verify.dll
0x73360000 - 0x73380000 	C:\Program Files\Java\jre7\bin\java.dll
0x73340000 - 0x73353000 	C:\Program Files\Java\jre7\bin\zip.dll
0x73140000 - 0x7322b000 	C:\Windows\system32\dbghelp.dll

VM Arguments:
jvm_args: -Dfile.encoding=Cp1252 -Xbootclasspath:D:\Android Java\android-sdk\platforms\android-18\android.jar 
java_command: org.kobjects.crypt.Crypt
Launcher Type: SUN_STANDARD

Environment Variables:
CLASSPATH=C:\Program files\Java\jdk1.7.0_10; C:\Program Files\Java\jdk1.7.0_10\bin;
PATH=C:/Program Files/Java/jre7/bin/client;C:/Program Files/Java/jre7/bin;C:/Program Files/Java/jre7/lib/i386;C:\Program Files\ImageMagick-6.7.3-Q16;c:\program files\graphicsmagick-1.3.12-q16;C:\Windows\system32;C:\Windows;C:\Windows\System32\Wbem;C:\Windows\System32\WindowsPowerShell\v1.0\;C:\PROGRA~1\IBM\CLIENT~1;C:\PROGRA~1\IBM\CLIENT~1\Shared;C:\PROGRA~1\IBM\CLIENT~1\Emulator;;C:\Program files\Java\jdk1.7.0_10\bin;C:\Program Files\Microsoft SQL Server\90\Tools\binn\;C:\Program Files\Microsoft\Web Platform Installer\;C:\Program Files\Microsoft ASP.NET\ASP.NET Web Pages\v1.0\;C:\Program Files\Windows Kits\8.0\Windows Performance Toolkit\;C:\Program Files\Microsoft SQL Server\110\Tools\Binn\;D:\Android Java\gradle-2.1-all\gradle-2.1\bin;C:\Program Files\Microsoft SQL Server\100\Tools\Binn\;C:\Program Files\Microsoft SQL Server\100\DTS\Binn\;C:\Program Files\Microsoft SQL Server\100\Tools\Binn\VSShell\Common7\IDE\;D:\Android Java\eclipse;
USERNAME=Marsel
OS=Windows_NT
PROCESSOR_IDENTIFIER=x86 Family 6 Model 58 Stepping 9, GenuineIntel



---------------  S Y S T E M  ---------------

OS: Windows 7 Build 7601 Service Pack 1

CPU:total 2 (2 cores per cpu, 1 threads per core) family 6 model 58 stepping 9, cmov, cx8, fxsr, mmx, sse, sse2, sse3, ssse3, sse4.1, sse4.2, popcnt, erms, tsc, tscinvbit, tscinv

Memory: 4k page, physical 3503588k(1537432k free), swap 7005428k(4459492k free)

vm_info: Java HotSpot(TM) Client VM (24.71-b01) for windows-x86 JRE (1.7.0_71-b14), built on Sep 26 2014 16:30:49 by "java_re" with unknown MS VC++:1600

time: Fri Mar 20 10:15:47 2015
elapsed time: 0 seconds

